0	1	mikroCARM.exe -MSF -DBG -pSTM32F107VC -BIN -LHF -C -DL -SSA -O11111114 -fo72 -N"D:\Clicks_git\L\LTE_IoT_Click\SW\example\c\ARM\STM\Click_LTE_IoT_STM.mcpar" -SP"C:\Users\Public\Documents\Mikroelektronika\mikroC PRO for ARM\Defs\" -SP"C:\Users\Public\Documents\Mikroelektronika\mikroC PRO for ARM\Uses\ST M3\" -SP"D:\Clicks_git\L\LTE_IoT_Click\SW\example\c\ARM\STM\" -SP"D:\Clicks_git\L\LTE_IoT_Click\SW\library\HAL\" -SP"D:\Clicks_git\L\LTE_IoT_Click\SW\library\" -SP"D:\Clicks_git\Public\Documents\Mikroelektronika\mikroC PRO for ARM\Packages\mikroBUS Board Definition API\Uses\" -SP"C:\Users\Public\Documents\Mikroelektronika\mikroC PRO for ARM\Packages\mikroBUS Board Definition API\Uses\" -IP"C:\Users\Public\Documents\Mikroelektronika\mikroC PRO for ARM\Uses\TI M3\" -IP"D:\Clicks_git\L\LTE_IoT_Click\SW\example\c\ARM\STM\" -IP"D:\Clicks_git\L\LTE_IoT_Click\SW\library\" -IP"D:\Clicks_git\L\LTE_IoT_Click\SW\library\HAL\" -IP"D:\Clicks_git\Public\Documents\Mikroelektronika\mikroC PRO for ARM\Packages\mikroBUS Board Definition API\Uses\" -IP"C:\Users\Public\Documents\Mikroelektronika\mikroC PRO for ARM\Packages\mikroBUS Board Definition API\Uses\" "Click_LTE_IoT_STM.c" "__lteiot_driver.c" "__Lib_Math.emcl" "__Lib_MathDouble.emcl" "__Lib_Delays.emcl" "__Lib_System_105_107.emcl" "__Lib_GPIO_32F10x_Defs.emcl" "__Lib_GPIO_32F10x.emcl" "__Lib_CString.emcl" "__Lib_Conversions.emcl" "__Lib_UART_123_45.emcl" "easymx_v7_STM32F107VC.emcl" "Click_LTE_IoT.pld"	 
warning: 0	1501	Specified search path does not exist: 'D:\Clicks_git\Public\Documents\Mikroelektronika\mikroC PRO for ARM\Packages\mikroBUS Board Definition API\Uses'	 
warning: 0	1502	Specified include path does not exist: 'D:\Clicks_git\Public\Documents\Mikroelektronika\mikroC PRO for ARM\Packages\mikroBUS Board Definition API\Uses'	 
diagnostics: 0	122	Compilation Started	stdint.h
hint: 0	1004	interrupt handler (Timer_interrupt at 0x002C)	click_lte_iot_timer.h
error: 27	324	Undeclared identifier 'lteiot_tick' in expression	click_lte_iot_timer.h
error: 56	324	Undeclared identifier 'mikrobus_uartInit' in expression	Click_LTE_IoT_STM.c
error: 67	324	Undeclared identifier 'lteiot_uartDriverInit' in expression	Click_LTE_IoT_STM.c
error: 67	317	Operator '' is not applicable to these operands ''	Click_LTE_IoT_STM.c
error: 67	324	Undeclared identifier '_MIKROBUS1_UART' in expression	Click_LTE_IoT_STM.c
error: 67	402	; expected, but ')' found	Click_LTE_IoT_STM.c
error: 67	424	'}' expected ';' found	Click_LTE_IoT_STM.c
error: 110	324	Undeclared identifier 'lteiot_process' in expression	Click_LTE_IoT_STM.c
diagnostics: 0	122	Compilation Started	stdint.h
diagnostics: 792	123	Compiled Successfully	__lteiot_driver.c
hint: 217	1164	Variable 'tmp' has been eliminated by optimizer	__lteiot_driver.c
hint: 135	1164	Variable 'tmp' has been eliminated by optimizer	__lteiot_driver.c
hint: 323	1164	Variable 'tmp' has been eliminated by optimizer	__lteiot_driver.c
hint: 334	1164	Variable 'tmp' has been eliminated by optimizer	__lteiot_driver.c
hint: 732	1164	Variable 'tmp' has been eliminated by optimizer	__lteiot_driver.c
error: 0	102	Finished (with errors): 16 avg 2018, 15:10:11	Click_LTE_IoT_STM.mcpar
